{"uuid":"bbfa32df-a719-4d6a-a829-2b14fb9f542b","historyId":"5a634cdcaea1f877c367e5a69df1cf0e","fullName":"CardPageTest.TransferAmount","labels":[{"name":"package","value":"CardPageTest"},{"name":"testClass","value":"CardPageTest"},{"name":"testMethod","value":"TransferAmount"},{"name":"parentSuite","value":"Default Suite"},{"name":"suite","value":"MyCredo"},{"name":"subSuite","value":"CardPageTest"},{"name":"host","value":"LHO10086297"},{"name":"thread","value":"24680@LHO10086297.main(1)"},{"name":"framework","value":"testng"},{"name":"language","value":"java"}],"links":[],"name":"TransferAmount","status":"failed","statusDetails":{"known":false,"muted":false,"flaky":false,"message":"Invalid element state [By.xpath: /html/body/app-root/app-home/div/div/app-financial-operations/div/div/div/app-transfers/div/div[2]/app-transfers-to-own-account/form/div[5]]: invalid element state\r\nScreenshot: file:/C:/Users/tamarmakharashvili/Desktop/MyCredo/build/reports/tests/1742550273835.0.png\r\nPage source: file:/C:/Users/tamarmakharashvili/Desktop/MyCredo/build/reports/tests/1742550273835.0.html\r\nTimeout: 10 s.\r\nCaused by: InvalidElementStateException: invalid element state","trace":"Invalid element state [By.xpath: /html/body/app-root/app-home/div/div/app-financial-operations/div/div/div/app-transfers/div/div[2]/app-transfers-to-own-account/form/div[5]]: invalid element state\r\nScreenshot: file:/C:/Users/tamarmakharashvili/Desktop/MyCredo/build/reports/tests/1742550273835.0.png\r\nPage source: file:/C:/Users/tamarmakharashvili/Desktop/MyCredo/build/reports/tests/1742550273835.0.html\r\nTimeout: 10 s.\r\nCaused by: InvalidElementStateException: invalid element state\r\n\tat com.codeborne.selenide.impl.ExceptionWrapper.wrap(ExceptionWrapper.java:19)\r\n\tat com.codeborne.selenide.impl.SelenideElementProxy.dispatchAndRetry(SelenideElementProxy.java:153)\r\n\tat com.codeborne.selenide.impl.SelenideElementProxy.invoke(SelenideElementProxy.java:83)\r\n\tat jdk.proxy2/jdk.proxy2.$Proxy7.setValue(Unknown Source)\r\n\tat steps.TransferSteps.moneyTransfer(TransferSteps.java:27)\r\n\tat CardPageTest.TransferAmount(CardPageTest.java:62)\r\n\tat java.base/jdk.internal.reflect.DirectMethodHandleAccessor.invoke(DirectMethodHandleAccessor.java:103)\r\n\tat java.base/java.lang.reflect.Method.invoke(Method.java:580)\r\n\tat org.testng.internal.invokers.MethodInvocationHelper.invokeMethod(MethodInvocationHelper.java:141)\r\n\tat org.testng.internal.invokers.TestInvoker.invokeMethod(TestInvoker.java:686)\r\n\tat org.testng.internal.invokers.TestInvoker.invokeTestMethod(TestInvoker.java:230)\r\n\tat org.testng.internal.invokers.MethodRunner.runInSequence(MethodRunner.java:63)\r\n\tat org.testng.internal.invokers.TestInvoker$MethodInvocationAgent.invoke(TestInvoker.java:992)\r\n\tat org.testng.internal.invokers.TestInvoker.invokeTestMethods(TestInvoker.java:203)\r\n\tat org.testng.internal.invokers.TestMethodWorker.invokeTestMethods(TestMethodWorker.java:154)\r\n\tat org.testng.internal.invokers.TestMethodWorker.run(TestMethodWorker.java:134)\r\n\tat java.base/java.util.ArrayList.forEach(ArrayList.java:1597)\r\n\tat org.testng.TestRunner.privateRun(TestRunner.java:739)\r\n\tat org.testng.TestRunner.run(TestRunner.java:614)\r\n\tat org.testng.SuiteRunner.runTest(SuiteRunner.java:421)\r\n\tat org.testng.SuiteRunner.runSequentially(SuiteRunner.java:413)\r\n\tat org.testng.SuiteRunner.privateRun(SuiteRunner.java:373)\r\n\tat org.testng.SuiteRunner.run(SuiteRunner.java:312)\r\n\tat org.testng.SuiteRunnerWorker.runSuite(SuiteRunnerWorker.java:52)\r\n\tat org.testng.SuiteRunnerWorker.run(SuiteRunnerWorker.java:95)\r\n\tat org.testng.TestNG.runSuitesSequentially(TestNG.java:1274)\r\n\tat org.testng.TestNG.runSuitesLocally(TestNG.java:1208)\r\n\tat org.testng.TestNG.runSuites(TestNG.java:1112)\r\n\tat org.testng.TestNG.run(TestNG.java:1079)\r\n\tat com.intellij.rt.testng.IDEARemoteTestNG.run(IDEARemoteTestNG.java:65)\r\n\tat com.intellij.rt.testng.RemoteTestNGStarter.main(RemoteTestNGStarter.java:105)\r\nCaused by: org.openqa.selenium.InvalidElementStateException: invalid element state\n  (Session info: chrome=134.0.6998.89)\nBuild info: version: '4.29.0', revision: '5fc1ec94cb'\nSystem info: os.name: 'Windows 10', os.arch: 'amd64', os.version: '10.0', java.version: '23.0.1'\nDriver info: org.openqa.selenium.chrome.ChromeDriver\nCommand: [1f7d22bb6893d7b20c2f0eb7b6e25293, clearElement {id=f.1933B700C8233D5DF0CCDEE9C05D2465.d.2AC7D7612738C7AC40AE4EAC412AF356.e.213}]\nCapabilities {acceptInsecureCerts: true, browserName: chrome, browserVersion: 134.0.6998.89, chrome: {chromedriverVersion: 134.0.6998.90 (219ee74681fc..., userDataDir: C:\\Users\\TAMARM~1\\AppData\\L...}, fedcm:accounts: true, goog:chromeOptions: {debuggerAddress: localhost:59905}, networkConnectionEnabled: false, pageLoadStrategy: normal, platformName: windows, proxy: Proxy(), se:cdp: ws://localhost:59905/devtoo..., se:cdpVersion: 134.0.6998.89, setWindowRect: true, strictFileInteractability: false, timeouts: {implicit: 0, pageLoad: 300000, script: 30000}, unhandledPromptBehavior: accept, webauthn:extension:credBlob: true, webauthn:extension:largeBlob: true, webauthn:extension:minPinLength: true, webauthn:extension:prf: true, webauthn:virtualAuthenticators: true}\nElement: [[ChromeDriver: chrome on windows (1f7d22bb6893d7b20c2f0eb7b6e25293)] -> xpath: /html/body/app-root/app-home/div/div/app-financial-operations/div/div/div/app-transfers/div/div[2]/app-transfers-to-own-account/form/div[5]]\nSession ID: 1f7d22bb6893d7b20c2f0eb7b6e25293\r\n\tat java.base/jdk.internal.reflect.DirectConstructorHandleAccessor.newInstance(DirectConstructorHandleAccessor.java:62)\r\n\tat java.base/java.lang.reflect.Constructor.newInstanceWithCaller(Constructor.java:501)\r\n\tat java.base/java.lang.reflect.Constructor.newInstance(Constructor.java:485)\r\n\tat org.openqa.selenium.remote.ErrorCodec.decode(ErrorCodec.java:167)\r\n\tat org.openqa.selenium.remote.codec.w3c.W3CHttpResponseCodec.decode(W3CHttpResponseCodec.java:138)\r\n\tat org.openqa.selenium.remote.codec.w3c.W3CHttpResponseCodec.decode(W3CHttpResponseCodec.java:50)\r\n\tat org.openqa.selenium.remote.HttpCommandExecutor.execute(HttpCommandExecutor.java:215)\r\n\tat org.openqa.selenium.remote.service.DriverCommandExecutor.invokeExecute(DriverCommandExecutor.java:216)\r\n\tat org.openqa.selenium.remote.service.DriverCommandExecutor.execute(DriverCommandExecutor.java:174)\r\n\tat org.openqa.selenium.remote.RemoteWebDriver.execute(RemoteWebDriver.java:545)\r\n\tat org.openqa.selenium.remote.RemoteWebElement.execute(RemoteWebElement.java:223)\r\n\tat org.openqa.selenium.remote.RemoteWebElement.clear(RemoteWebElement.java:129)\r\n\tat com.codeborne.selenide.commands.Clear.clear(Clear.java:63)\r\n\tat com.codeborne.selenide.commands.SetValue.setValueForTextInput(SetValue.java:64)\r\n\tat com.codeborne.selenide.commands.SetValue.execute(SetValue.java:38)\r\n\tat com.codeborne.selenide.FluentCommand.execute(FluentCommand.java:27)\r\n\tat com.codeborne.selenide.FluentCommand.execute(FluentCommand.java:19)\r\n\tat com.codeborne.selenide.commands.Commands.execute(Commands.java:160)\r\n\tat com.codeborne.selenide.impl.SelenideElementProxy.dispatchAndRetry(SelenideElementProxy.java:131)\r\n\t... 29 more\r\n"},"stage":"finished","steps":[],"attachments":[],"parameters":[],"start":1742550245747,"stop":1742550274137}