{"uuid":"e0cbd788-c0a0-4ef6-8186-71eb4c2f4892","historyId":"b0f6e1716c364b60963da50b0c884a1b","fullName":"AuthorizationTest.authorize","labels":[{"name":"package","value":"AuthorizationTest"},{"name":"testClass","value":"AuthorizationTest"},{"name":"testMethod","value":"authorize"},{"name":"parentSuite","value":"Default Suite"},{"name":"suite","value":"MyCredo"},{"name":"subSuite","value":"AuthorizationTest"},{"name":"host","value":"LHO10086297"},{"name":"thread","value":"10292@LHO10086297.main(1)"},{"name":"framework","value":"testng"},{"name":"language","value":"java"}],"links":[],"name":"authorize","status":"failed","statusDetails":{"known":false,"muted":false,"flaky":false,"message":"Invalid element state [By.xpath: //*[@id=\"checkProdList\"]/div/div[1]/p[2]]: element click intercepted: Element <p _ngcontent-ng-c2345056869=\"\" class=\"block-header-caps-20 order\">...</p> is not clickable at point (137, 292). Other element would receive the click: <div _ngcontent-ng-c2345056869=\"\" class=\"accounts-and-cards product-block content-loading-placeholder\">...</div>\r\nScreenshot: file:/C:/Users/tamarmakharashvili/Desktop/MyCredo/build/reports/tests/1742106643929.0.png\r\nPage source: file:/C:/Users/tamarmakharashvili/Desktop/MyCredo/build/reports/tests/1742106643929.0.html\r\nTimeout: 10 s.\r\nCaused by: ElementClickInterceptedException: element click intercepted: Element <p _ngcontent-ng-c2345056869=\"\" class=\"block-header-caps-20 order\">...</p> is not clickable at point (137, 292). Other element would receive the click: <div _ngcontent-ng-c2345056869=\"\" class=\"accounts-and-cards product-block content-loading-placeholder\">...</div>","trace":"Invalid element state [By.xpath: //*[@id=\"checkProdList\"]/div/div[1]/p[2]]: element click intercepted: Element <p _ngcontent-ng-c2345056869=\"\" class=\"block-header-caps-20 order\">...</p> is not clickable at point (137, 292). Other element would receive the click: <div _ngcontent-ng-c2345056869=\"\" class=\"accounts-and-cards product-block content-loading-placeholder\">...</div>\r\nScreenshot: file:/C:/Users/tamarmakharashvili/Desktop/MyCredo/build/reports/tests/1742106643929.0.png\r\nPage source: file:/C:/Users/tamarmakharashvili/Desktop/MyCredo/build/reports/tests/1742106643929.0.html\r\nTimeout: 10 s.\r\nCaused by: ElementClickInterceptedException: element click intercepted: Element <p _ngcontent-ng-c2345056869=\"\" class=\"block-header-caps-20 order\">...</p> is not clickable at point (137, 292). Other element would receive the click: <div _ngcontent-ng-c2345056869=\"\" class=\"accounts-and-cards product-block content-loading-placeholder\">...</div>\r\n\tat com.codeborne.selenide.impl.ExceptionWrapper.wrap(ExceptionWrapper.java:19)\r\n\tat com.codeborne.selenide.impl.SelenideElementProxy.dispatchAndRetry(SelenideElementProxy.java:153)\r\n\tat com.codeborne.selenide.impl.SelenideElementProxy.invoke(SelenideElementProxy.java:83)\r\n\tat jdk.proxy2/jdk.proxy2.$Proxy7.click(Unknown Source)\r\n\tat steps.CardSteps.goToCards(CardSteps.java:20)\r\n\tat AuthorizationTest.authorize(AuthorizationTest.java:14)\r\n\tat java.base/jdk.internal.reflect.DirectMethodHandleAccessor.invoke(DirectMethodHandleAccessor.java:103)\r\n\tat java.base/java.lang.reflect.Method.invoke(Method.java:580)\r\n\tat org.testng.internal.invokers.MethodInvocationHelper.invokeMethod(MethodInvocationHelper.java:141)\r\n\tat org.testng.internal.invokers.TestInvoker.invokeMethod(TestInvoker.java:686)\r\n\tat org.testng.internal.invokers.TestInvoker.invokeTestMethod(TestInvoker.java:230)\r\n\tat org.testng.internal.invokers.MethodRunner.runInSequence(MethodRunner.java:63)\r\n\tat org.testng.internal.invokers.TestInvoker$MethodInvocationAgent.invoke(TestInvoker.java:992)\r\n\tat org.testng.internal.invokers.TestInvoker.invokeTestMethods(TestInvoker.java:203)\r\n\tat org.testng.internal.invokers.TestMethodWorker.invokeTestMethods(TestMethodWorker.java:154)\r\n\tat org.testng.internal.invokers.TestMethodWorker.run(TestMethodWorker.java:134)\r\n\tat java.base/java.util.ArrayList.forEach(ArrayList.java:1597)\r\n\tat org.testng.TestRunner.privateRun(TestRunner.java:739)\r\n\tat org.testng.TestRunner.run(TestRunner.java:614)\r\n\tat org.testng.SuiteRunner.runTest(SuiteRunner.java:421)\r\n\tat org.testng.SuiteRunner.runSequentially(SuiteRunner.java:413)\r\n\tat org.testng.SuiteRunner.privateRun(SuiteRunner.java:373)\r\n\tat org.testng.SuiteRunner.run(SuiteRunner.java:312)\r\n\tat org.testng.SuiteRunnerWorker.runSuite(SuiteRunnerWorker.java:52)\r\n\tat org.testng.SuiteRunnerWorker.run(SuiteRunnerWorker.java:95)\r\n\tat org.testng.TestNG.runSuitesSequentially(TestNG.java:1274)\r\n\tat org.testng.TestNG.runSuitesLocally(TestNG.java:1208)\r\n\tat org.testng.TestNG.runSuites(TestNG.java:1112)\r\n\tat org.testng.TestNG.run(TestNG.java:1079)\r\n\tat com.intellij.rt.testng.IDEARemoteTestNG.run(IDEARemoteTestNG.java:65)\r\n\tat com.intellij.rt.testng.RemoteTestNGStarter.main(RemoteTestNGStarter.java:105)\r\nCaused by: org.openqa.selenium.ElementClickInterceptedException: element click intercepted: Element <p _ngcontent-ng-c2345056869=\"\" class=\"block-header-caps-20 order\">...</p> is not clickable at point (137, 292). Other element would receive the click: <div _ngcontent-ng-c2345056869=\"\" class=\"accounts-and-cards product-block content-loading-placeholder\">...</div>\n  (Session info: chrome=134.0.6998.35)\nBuild info: version: '4.29.0', revision: '5fc1ec94cb'\nSystem info: os.name: 'Windows 10', os.arch: 'amd64', os.version: '10.0', java.version: '23.0.1'\nDriver info: org.openqa.selenium.chrome.ChromeDriver\nCommand: [860a677c2cf9a957dfabda99ccb4ca77, clickElement {id=f.08B767DE2C188501BE8B4701A4812797.d.1981E20A73D11C9AC649B00C576A7ED0.e.79}]\nCapabilities {acceptInsecureCerts: true, browserName: chrome, browserVersion: 134.0.6998.35, chrome: {chromedriverVersion: 134.0.6998.88 (7e3d5c978c6d..., userDataDir: C:\\Users\\TAMARM~1\\AppData\\L...}, fedcm:accounts: true, goog:chromeOptions: {debuggerAddress: localhost:56412}, networkConnectionEnabled: false, pageLoadStrategy: normal, platformName: windows, proxy: Proxy(), se:cdp: ws://localhost:56412/devtoo..., se:cdpVersion: 134.0.6998.35, setWindowRect: true, strictFileInteractability: false, timeouts: {implicit: 0, pageLoad: 300000, script: 30000}, unhandledPromptBehavior: accept, webauthn:extension:credBlob: true, webauthn:extension:largeBlob: true, webauthn:extension:minPinLength: true, webauthn:extension:prf: true, webauthn:virtualAuthenticators: true}\nElement: [[ChromeDriver: chrome on windows (860a677c2cf9a957dfabda99ccb4ca77)] -> xpath: //*[@id=\"checkProdList\"]/div/div[1]/p[2]]\nSession ID: 860a677c2cf9a957dfabda99ccb4ca77\r\n\tat java.base/jdk.internal.reflect.DirectConstructorHandleAccessor.newInstance(DirectConstructorHandleAccessor.java:62)\r\n\tat java.base/java.lang.reflect.Constructor.newInstanceWithCaller(Constructor.java:501)\r\n\tat java.base/java.lang.reflect.Constructor.newInstance(Constructor.java:485)\r\n\tat org.openqa.selenium.remote.ErrorCodec.decode(ErrorCodec.java:167)\r\n\tat org.openqa.selenium.remote.codec.w3c.W3CHttpResponseCodec.decode(W3CHttpResponseCodec.java:138)\r\n\tat org.openqa.selenium.remote.codec.w3c.W3CHttpResponseCodec.decode(W3CHttpResponseCodec.java:50)\r\n\tat org.openqa.selenium.remote.HttpCommandExecutor.execute(HttpCommandExecutor.java:215)\r\n\tat org.openqa.selenium.remote.service.DriverCommandExecutor.invokeExecute(DriverCommandExecutor.java:216)\r\n\tat org.openqa.selenium.remote.service.DriverCommandExecutor.execute(DriverCommandExecutor.java:174)\r\n\tat org.openqa.selenium.remote.RemoteWebDriver.execute(RemoteWebDriver.java:545)\r\n\tat org.openqa.selenium.remote.RemoteWebElement.execute(RemoteWebElement.java:223)\r\n\tat org.openqa.selenium.remote.RemoteWebElement.click(RemoteWebElement.java:76)\r\n\tat com.codeborne.selenide.commands.Click.defaultClick(Click.java:94)\r\n\tat com.codeborne.selenide.commands.Click.doClick(Click.java:72)\r\n\tat com.codeborne.selenide.commands.Click.click(Click.java:48)\r\n\tat com.codeborne.selenide.commands.Click.execute(Click.java:28)\r\n\tat com.codeborne.selenide.FluentCommand.execute(FluentCommand.java:27)\r\n\tat com.codeborne.selenide.FluentCommand.execute(FluentCommand.java:19)\r\n\tat com.codeborne.selenide.commands.Commands.execute(Commands.java:160)\r\n\tat com.codeborne.selenide.impl.SelenideElementProxy.dispatchAndRetry(SelenideElementProxy.java:131)\r\n\t... 29 more\r\n"},"stage":"finished","steps":[],"attachments":[],"parameters":[],"start":1742106626050,"stop":1742106644245}